<?xml version="1.0" encoding="UTF-8"?>
<!-- Generated by org.testng.reporters.JUnitXMLReporter -->
<testsuite ignored="0" hostname="DESKTOP-7SAGJQP" failures="1" tests="4" name="Command line test" time="21.081" errors="0" timestamp="23 jul 2019 08:13:52 GMT">
  <testcase classname="simulacoes.SimulacaoApiHealthCheckTest" name="healthCheckSimulador" time="1.261"/>
  <testcase classname="simulacoes.SimulacoesGetTest" name="getSimulacoes" time="0.639"/>
  <testcase classname="simulacoes.SimularInvestimentoTest" name="criarSimulacaoComFalha" time="0.238"/>
  <testcase classname="simulacoes.SimularInvestimentoTest" name="criarSimulacaoComSucesso" time="9.953">
    <failure type="java.lang.AssertionError" message="expected [R$ 293.328] but found [R$ 3.048]">
      <![CDATA[java.lang.AssertionError: expected [R$ 293.328] but found [R$ 3.048]
at simulacoes.SimularInvestimentoTest.criarSimulacaoComSucesso(SimularInvestimentoTest.java:36)
... Removed 41 stack frames]]>
    </failure>
  </testcase> <!-- criarSimulacaoComSucesso -->
</testsuite> <!-- Command line test -->
