<?xml version="1.0" encoding="UTF-8"?>
<testng-results ignored="0" total="4" passed="3" failed="1" skipped="0">
  <reporter-output>
  </reporter-output>
  <suite started-at="2019-07-23T08:13:31Z" name="Command line suite" finished-at="2019-07-23T08:13:52Z" duration-ms="21081">
    <groups>
    </groups>
    <test started-at="2019-07-23T08:13:31Z" name="Command line test" finished-at="2019-07-23T08:13:52Z" duration-ms="21081">
      <class name="simulacoes.SimularInvestimentoTest">
        <test-method is-config="true" signature="init()[pri:0, instance:simulacoes.SimularInvestimentoTest@71809907]" started-at="2019-07-23T08:13:31Z" name="init" finished-at="2019-07-23T08:13:39Z" duration-ms="7344" status="PASS">
          <reporter-output>
          </reporter-output>
        </test-method> <!-- init -->
        <test-method signature="criarSimulacaoComFalha()[pri:0, instance:simulacoes.SimularInvestimentoTest@71809907]" started-at="2019-07-23T08:13:41Z" name="criarSimulacaoComFalha" finished-at="2019-07-23T08:13:41Z" duration-ms="238" status="PASS">
          <reporter-output>
          </reporter-output>
        </test-method> <!-- criarSimulacaoComFalha -->
        <test-method signature="criarSimulacaoComSucesso()[pri:0, instance:simulacoes.SimularInvestimentoTest@71809907]" started-at="2019-07-23T08:13:41Z" name="criarSimulacaoComSucesso" finished-at="2019-07-23T08:13:51Z" duration-ms="9953" status="FAIL">
          <exception class="java.lang.AssertionError">
            <message>
              <![CDATA[expected [R$ 293.328] but found [R$ 3.048]]]>
            </message>
            <full-stacktrace>
              <![CDATA[java.lang.AssertionError: expected [R$ 293.328] but found [R$ 3.048]
at org.testng.Assert.fail(Assert.java:96)
at org.testng.Assert.failNotEquals(Assert.java:776)
at org.testng.Assert.assertEqualsImpl(Assert.java:137)
at org.testng.Assert.assertEquals(Assert.java:118)
at org.testng.Assert.assertEquals(Assert.java:453)
at org.testng.Assert.assertEquals(Assert.java:463)
at simulacoes.SimularInvestimentoTest.criarSimulacaoComSucesso(SimularInvestimentoTest.java:36)
at java.base/jdk.internal.reflect.NativeMethodAccessorImpl.invoke0(Native Method)
at java.base/jdk.internal.reflect.NativeMethodAccessorImpl.invoke(NativeMethodAccessorImpl.java:62)
at java.base/jdk.internal.reflect.DelegatingMethodAccessorImpl.invoke(DelegatingMethodAccessorImpl.java:43)
at java.base/java.lang.reflect.Method.invoke(Method.java:566)
at org.testng.internal.MethodInvocationHelper.invokeMethod(MethodInvocationHelper.java:124)
at org.testng.internal.Invoker.invokeMethod(Invoker.java:583)
at org.testng.internal.Invoker.invokeTestMethod(Invoker.java:719)
at org.testng.internal.Invoker.invokeTestMethods(Invoker.java:989)
at org.testng.internal.TestMethodWorker.invokeTestMethods(TestMethodWorker.java:125)
at org.testng.internal.TestMethodWorker.run(TestMethodWorker.java:109)
at org.testng.TestRunner.privateRun(TestRunner.java:648)
at org.testng.TestRunner.run(TestRunner.java:505)
at org.testng.SuiteRunner.runTest(SuiteRunner.java:455)
at org.testng.SuiteRunner.runSequentially(SuiteRunner.java:450)
at org.testng.SuiteRunner.privateRun(SuiteRunner.java:415)
at org.testng.SuiteRunner.run(SuiteRunner.java:364)
at org.testng.SuiteRunnerWorker.runSuite(SuiteRunnerWorker.java:52)
at org.testng.SuiteRunnerWorker.run(SuiteRunnerWorker.java:84)
at org.testng.TestNG.runSuitesSequentially(TestNG.java:1208)
at org.testng.TestNG.runSuitesLocally(TestNG.java:1137)
at org.testng.TestNG.runSuites(TestNG.java:1049)
at org.testng.TestNG.run(TestNG.java:1017)
at org.apache.maven.surefire.testng.TestNGExecutor.run(TestNGExecutor.java:77)
at org.apache.maven.surefire.testng.TestNGDirectoryTestSuite.executeMulti(TestNGDirectoryTestSuite.java:159)
at org.apache.maven.surefire.testng.TestNGDirectoryTestSuite.execute(TestNGDirectoryTestSuite.java:99)
at org.apache.maven.surefire.testng.TestNGProvider.invoke(TestNGProvider.java:106)
at java.base/jdk.internal.reflect.NativeMethodAccessorImpl.invoke0(Native Method)
at java.base/jdk.internal.reflect.NativeMethodAccessorImpl.invoke(NativeMethodAccessorImpl.java:62)
at java.base/jdk.internal.reflect.DelegatingMethodAccessorImpl.invoke(DelegatingMethodAccessorImpl.java:43)
at java.base/java.lang.reflect.Method.invoke(Method.java:566)
at org.apache.maven.surefire.util.ReflectionUtils.invokeMethodWithArray(ReflectionUtils.java:189)
at org.apache.maven.surefire.booter.ProviderFactory$ProviderProxy.invoke(ProviderFactory.java:165)
at org.apache.maven.surefire.booter.ProviderFactory.invokeProvider(ProviderFactory.java:85)
at org.apache.maven.surefire.booter.ForkedBooter.runSuitesInProcess(ForkedBooter.java:115)
at org.apache.maven.surefire.booter.ForkedBooter.main(ForkedBooter.java:75)
]]>
            </full-stacktrace>
          </exception> <!-- java.lang.AssertionError -->
          <reporter-output>
          </reporter-output>
        </test-method> <!-- criarSimulacaoComSucesso -->
        <test-method is-config="true" signature="stop()[pri:0, instance:simulacoes.SimularInvestimentoTest@71809907]" started-at="2019-07-23T08:13:51Z" name="stop" finished-at="2019-07-23T08:13:52Z" duration-ms="1219" status="PASS">
          <reporter-output>
          </reporter-output>
        </test-method> <!-- stop -->
      </class> <!-- simulacoes.SimularInvestimentoTest -->
      <class name="simulacoes.SimulacoesGetTest">
        <test-method is-config="true" signature="preCondicao()[pri:0, instance:simulacoes.SimulacoesGetTest@6aba2b86]" started-at="2019-07-23T08:13:40Z" name="preCondicao" finished-at="2019-07-23T08:13:40Z" duration-ms="1" status="PASS">
          <reporter-output>
          </reporter-output>
        </test-method> <!-- preCondicao -->
        <test-method signature="getSimulacoes()[pri:0, instance:simulacoes.SimulacoesGetTest@6aba2b86]" started-at="2019-07-23T08:13:40Z" name="getSimulacoes" finished-at="2019-07-23T08:13:41Z" duration-ms="639" status="PASS">
          <reporter-output>
          </reporter-output>
        </test-method> <!-- getSimulacoes -->
      </class> <!-- simulacoes.SimulacoesGetTest -->
      <class name="simulacoes.SimulacaoApiHealthCheckTest">
        <test-method is-config="true" signature="preCondicao()[pri:0, instance:simulacoes.SimulacaoApiHealthCheckTest@3ce1e309]" started-at="2019-07-23T08:13:39Z" name="preCondicao" finished-at="2019-07-23T08:13:39Z" duration-ms="407" status="PASS">
          <reporter-output>
          </reporter-output>
        </test-method> <!-- preCondicao -->
        <test-method signature="healthCheckSimulador()[pri:0, instance:simulacoes.SimulacaoApiHealthCheckTest@3ce1e309]" started-at="2019-07-23T08:13:39Z" name="healthCheckSimulador" finished-at="2019-07-23T08:13:40Z" duration-ms="1261" status="PASS">
          <reporter-output>
          </reporter-output>
        </test-method> <!-- healthCheckSimulador -->
      </class> <!-- simulacoes.SimulacaoApiHealthCheckTest -->
    </test> <!-- Command line test -->
  </suite> <!-- Command line suite -->
</testng-results>
